[2019-04-27T17:54:32.628] [DEBUG] cheese - some debug message
[2019-04-27T18:04:58.603] [DEBUG] cheese - some debug message
[2019-04-27T18:06:25.559] [DEBUG] cheese - some debug message
[2019-04-27T18:07:53.622] [DEBUG] cheese - some debug message
[2019-04-27T18:11:46.647] [DEBUG] cheese - some debug message
[2019-04-27T18:12:27.726] [DEBUG] cheese - some debug message
[2019-04-27T18:12:35.279] [ERROR] cheese - ReferenceError: data is not defined
    at /Users/sjh/Documents/yideng/html/webapp/yd-book/controllers/indexController.js:11:21
    at dispatch (/Users/sjh/Documents/yideng/html/webapp/yd-book/node_modules/koa-compose/index.js:44:32)
    at next (/Users/sjh/Documents/yideng/html/webapp/yd-book/node_modules/koa-compose/index.js:45:18)
    at /Users/sjh/Documents/yideng/html/webapp/yd-book/node_modules/koa-router/lib/router.js:346:16
    at dispatch (/Users/sjh/Documents/yideng/html/webapp/yd-book/node_modules/koa-compose/index.js:44:32)
    at /Users/sjh/Documents/yideng/html/webapp/yd-book/node_modules/koa-compose/index.js:36:12
    at dispatch (/Users/sjh/Documents/yideng/html/webapp/yd-book/node_modules/koa-router/lib/router.js:351:31)
    at dispatch (/Users/sjh/Documents/yideng/html/webapp/yd-book/node_modules/koa/node_modules/koa-compose/index.js:42:32)
    at serve (/Users/sjh/Documents/yideng/html/webapp/yd-book/node_modules/koa-static/index.js:53:15)
[2019-04-27T18:12:45.737] [ERROR] cheese - ReferenceError: data is not defined
    at /Users/sjh/Documents/yideng/html/webapp/yd-book/controllers/indexController.js:11:21
    at dispatch (/Users/sjh/Documents/yideng/html/webapp/yd-book/node_modules/koa-compose/index.js:44:32)
    at next (/Users/sjh/Documents/yideng/html/webapp/yd-book/node_modules/koa-compose/index.js:45:18)
    at /Users/sjh/Documents/yideng/html/webapp/yd-book/node_modules/koa-router/lib/router.js:346:16
    at dispatch (/Users/sjh/Documents/yideng/html/webapp/yd-book/node_modules/koa-compose/index.js:44:32)
    at /Users/sjh/Documents/yideng/html/webapp/yd-book/node_modules/koa-compose/index.js:36:12
    at dispatch (/Users/sjh/Documents/yideng/html/webapp/yd-book/node_modules/koa-router/lib/router.js:351:31)
    at dispatch (/Users/sjh/Documents/yideng/html/webapp/yd-book/node_modules/koa/node_modules/koa-compose/index.js:42:32)
    at serve (/Users/sjh/Documents/yideng/html/webapp/yd-book/node_modules/koa-static/index.js:53:15)
[2019-04-27T18:12:50.309] [DEBUG] cheese - some debug message
[2019-04-27T18:25:44.115] [DEBUG] cheese - some debug message
[2019-04-27T18:27:12.638] [DEBUG] cheese - some debug message
[2019-04-27T18:28:09.491] [DEBUG] cheese - some debug message
[2019-04-27T18:28:30.723] [DEBUG] cheese - some debug message
[2019-04-27T18:29:07.203] [DEBUG] cheese - some debug message
[2019-04-27T18:29:40.071] [DEBUG] cheese - some debug message
[2019-04-27T18:31:36.557] [DEBUG] cheese - some debug message
[2019-04-27T18:32:10.063] [DEBUG] cheese - some debug message
[2019-04-27T18:33:42.079] [DEBUG] cheese - some debug message
[2019-04-27T18:33:49.995] [DEBUG] cheese - some debug message
[2019-04-27T18:35:48.407] [DEBUG] cheese - some debug message
[2019-04-27T18:36:04.485] [DEBUG] cheese - some debug message
[2019-04-27T18:42:32.182] [DEBUG] cheese - some debug message
[2019-04-28T01:24:42.956] [DEBUG] cheese - some debug message
[2019-04-28T02:07:27.850] [DEBUG] cheese - some debug message
[2019-04-28T02:23:06.862] [DEBUG] cheese - some debug message
[2019-04-28T02:24:25.798] [DEBUG] cheese - some debug message
[2019-04-28T02:24:46.447] [DEBUG] cheese - some debug message
[2019-04-28T02:25:18.682] [DEBUG] cheese - some debug message
[2019-04-28T02:25:42.682] [DEBUG] cheese - some debug message
[2019-04-28T02:27:14.497] [DEBUG] cheese - some debug message
[2019-04-28T02:27:40.856] [DEBUG] cheese - some debug message
[2019-04-28T03:05:31.565] [DEBUG] cheese - some debug message
[2019-04-28T03:06:23.903] [DEBUG] cheese - some debug message
[2019-04-28T08:48:13.345] [DEBUG] cheese - some debug message
[2019-04-28T08:53:23.110] [DEBUG] cheese - some debug message
[2019-04-28T08:55:04.642] [DEBUG] cheese - some debug message
[2019-04-28T08:56:27.178] [DEBUG] cheese - some debug message
[2019-04-28T08:58:07.205] [DEBUG] cheese - some debug message
[2019-04-28T09:00:22.126] [DEBUG] cheese - some debug message
[2019-04-28T09:09:32.628] [DEBUG] cheese - some debug message
[2019-04-28T09:10:29.621] [DEBUG] cheese - some debug message
[2019-04-28T09:15:30.087] [DEBUG] cheese - some debug message
[2019-04-28T09:16:25.683] [DEBUG] cheese - some debug message
[2019-04-28T09:17:50.126] [DEBUG] cheese - some debug message
[2019-04-28T09:18:07.378] [DEBUG] cheese - some debug message
[2019-04-28T09:20:21.692] [DEBUG] cheese - some debug message
[2019-04-28T09:20:45.302] [DEBUG] cheese - some debug message
[2019-04-28T09:22:46.123] [DEBUG] cheese - some debug message
[2019-04-28T09:23:34.536] [DEBUG] cheese - some debug message
[2019-04-28T09:23:56.282] [DEBUG] cheese - some debug message
[2019-04-28T09:24:29.934] [DEBUG] cheese - some debug message
[2019-04-28T09:24:55.694] [DEBUG] cheese - some debug message
[2019-04-28T09:25:25.621] [DEBUG] cheese - some debug message
[2019-04-28T09:25:49.689] [DEBUG] cheese - some debug message
[2019-04-28T09:26:36.522] [DEBUG] cheese - some debug message
[2019-04-28T09:26:54.460] [DEBUG] cheese - some debug message
[2019-04-28T09:28:27.355] [DEBUG] cheese - some debug message
[2019-04-28T09:29:13.017] [DEBUG] cheese - some debug message
[2019-04-28T09:29:52.345] [DEBUG] cheese - some debug message
[2019-04-28T09:30:07.633] [DEBUG] cheese - some debug message
[2019-04-28T09:30:31.689] [DEBUG] cheese - some debug message
[2019-04-28T09:31:27.031] [DEBUG] cheese - some debug message
[2019-04-28T09:33:01.518] [DEBUG] cheese - some debug message
[2019-04-28T09:33:36.949] [DEBUG] cheese - some debug message
[2019-04-28T09:34:40.510] [DEBUG] cheese - some debug message
[2019-04-28T09:35:45.565] [DEBUG] cheese - some debug message
[2019-04-28T09:37:07.004] [DEBUG] cheese - some debug message
[2019-04-28T09:38:14.970] [DEBUG] cheese - some debug message
[2019-04-28T09:39:16.451] [DEBUG] cheese - some debug message
[2019-04-28T09:41:44.787] [DEBUG] cheese - some debug message
[2019-04-28T10:09:55.778] [DEBUG] cheese - some debug message
[2019-04-28T10:13:44.792] [DEBUG] cheese - some debug message
